<?xml version="1.0" encoding="UTF-8"?>
<testng-results ignored="0" total="2" passed="2" failed="0" skipped="0">
  <reporter-output>
  </reporter-output>
  <suite started-at="2021-12-23T16:57:18 IST" name="Suite" finished-at="2021-12-23T16:57:42 IST" duration-ms="23813">
    <groups>
      <group name="cucumber">
        <method signature="AbstractTestNGCucumberTests.runScenario(io.cucumber.testng.PickleWrapper,io.cucumber.testng.FeatureWrapper)[pri:0, instance:com.cisco.AT_Capstone_testscripts.TestRunner@7bb6ab3a]" name="runScenario" class="io.cucumber.testng.AbstractTestNGCucumberTests"/>
      </group> <!-- cucumber -->
    </groups>
    <test started-at="2021-12-23T16:57:18 IST" name="Test" finished-at="2021-12-23T16:57:42 IST" duration-ms="23813">
      <class name="com.cisco.AT_Capstone_testscripts.TestRunner">
        <test-method is-config="true" signature="setUpClass(org.testng.ITestContext)[pri:0, instance:com.cisco.AT_Capstone_testscripts.TestRunner@7bb6ab3a]" started-at="2021-12-23T16:57:18 IST" name="setUpClass" finished-at="2021-12-23T16:57:18 IST" duration-ms="211" status="PASS">
          <params>
            <param index="0">
              <value>
                <![CDATA[org.testng.TestRunner@60aec68a]]>
              </value>
            </param>
          </params>
          <reporter-output>
          </reporter-output>
        </test-method> <!-- setUpClass -->
        <test-method signature="runScenario(io.cucumber.testng.PickleWrapper,io.cucumber.testng.FeatureWrapper)[pri:0, instance:com.cisco.AT_Capstone_testscripts.TestRunner@7bb6ab3a]" started-at="2021-12-23T16:57:18 IST" name="runScenario" description="Runs Cucumber Scenarios" data-provider="scenarios" finished-at="2021-12-23T16:57:21 IST" duration-ms="3055" status="PASS">
          <params>
            <param index="0">
              <value>
                <![CDATA["SignUp a user"]]>
              </value>
            </param>
            <param index="1">
              <value>
                <![CDATA["Optional[airline Booking]"]]>
              </value>
            </param>
          </params>
          <reporter-output>
          </reporter-output>
        </test-method> <!-- runScenario -->
        <test-method signature="runScenario(io.cucumber.testng.PickleWrapper,io.cucumber.testng.FeatureWrapper)[pri:0, instance:com.cisco.AT_Capstone_testscripts.TestRunner@7bb6ab3a]" started-at="2021-12-23T16:57:21 IST" name="runScenario" description="Runs Cucumber Scenarios" data-provider="scenarios" finished-at="2021-12-23T16:57:42 IST" duration-ms="20492" status="PASS">
          <params>
            <param index="0">
              <value>
                <![CDATA["Booking of airline"]]>
              </value>
            </param>
            <param index="1">
              <value>
                <![CDATA["Optional[airline Booking]"]]>
              </value>
            </param>
          </params>
          <reporter-output>
          </reporter-output>
        </test-method> <!-- runScenario -->
        <test-method is-config="true" signature="tearDownClass()[pri:0, instance:com.cisco.AT_Capstone_testscripts.TestRunner@7bb6ab3a]" started-at="2021-12-23T16:57:42 IST" name="tearDownClass" finished-at="2021-12-23T16:57:42 IST" duration-ms="8" status="PASS">
          <reporter-output>
          </reporter-output>
        </test-method> <!-- tearDownClass -->
      </class> <!-- com.cisco.AT_Capstone_testscripts.TestRunner -->
    </test> <!-- Test -->
  </suite> <!-- Suite -->
</testng-results>
