<?xml version="1.0" encoding="UTF-8"?>
<testng-results ignored="0" total="1" passed="1" failed="0" skipped="0">
  <reporter-output>
  </reporter-output>
  <suite started-at="2021-12-23T18:20:17 IST" name="Default suite" finished-at="2021-12-23T18:20:18 IST" duration-ms="1048">
    <groups>
    </groups>
    <test started-at="2021-12-23T18:20:17 IST" name="Default test" finished-at="2021-12-23T18:20:18 IST" duration-ms="1048">
      <class name="restassured.completebooking">
        <test-method is-config="true" signature="setUp()[pri:0, instance:restassured.completebooking@1b1426f4]" started-at="2021-12-23T18:20:17 IST" name="setUp" finished-at="2021-12-23T18:20:17 IST" duration-ms="57" status="PASS">
          <reporter-output>
          </reporter-output>
        </test-method> <!-- setUp -->
        <test-method signature="complete_booking()[pri:0, instance:restassured.completebooking@1b1426f4]" started-at="2021-12-23T18:20:17 IST" name="complete_booking" finished-at="2021-12-23T18:20:18 IST" duration-ms="965" status="PASS">
          <reporter-output>
          </reporter-output>
        </test-method> <!-- complete_booking -->
      </class> <!-- restassured.completebooking -->
    </test> <!-- Default test -->
  </suite> <!-- Default suite -->
</testng-results>
